0 info it worked if it ends with ok
1 verbose cli [ '/usr/local/Cellar/node/9.3.0_1/bin/node',
1 verbose cli   '/Users/danielpeterschmidt/.npm-packages/bin/npm',
1 verbose cli   'install',
1 verbose cli   '@material/text-field' ]
2 info using npm@4.1.2
3 info using node@v9.3.0
4 verbose config Skipping project config: /Users/danielpeterschmidt/.npmrc. (matches userconfig)
5 silly loadCurrentTree Starting
6 silly install loadCurrentTree
7 silly install readLocalPackageData
8 silly fetchPackageMetaData @material/text-field
9 silly fetchNamedPackageData @material/text-field
10 silly mapToRegistry name @material/text-field
11 silly mapToRegistry scope (from package name) @material
12 verbose mapToRegistry no registry URL found in name for scope @material
13 silly mapToRegistry using default registry
14 silly mapToRegistry registry https://registry.npmjs.org/
15 silly mapToRegistry data Result {
15 silly mapToRegistry   raw: '@material/text-field',
15 silly mapToRegistry   scope: '@material',
15 silly mapToRegistry   escapedName: '@material%2ftext-field',
15 silly mapToRegistry   name: '@material/text-field',
15 silly mapToRegistry   rawSpec: '',
15 silly mapToRegistry   spec: 'latest',
15 silly mapToRegistry   type: 'tag' }
16 silly mapToRegistry uri https://registry.npmjs.org/@material%2ftext-field
17 verbose request uri https://registry.npmjs.org/@material%2ftext-field
18 verbose request no auth needed
19 info attempt registry request try #1 at 4:49:08 PM
20 verbose request id b9518f7a12a18a73
21 http request GET https://registry.npmjs.org/@material%2ftext-field
22 http 404 https://registry.npmjs.org/@material%2ftext-field
23 verbose headers { 'content-type': 'application/json',
23 verbose headers   'cache-control': 'max-age=0',
23 verbose headers   'content-length': '21',
23 verbose headers   'accept-ranges': 'bytes',
23 verbose headers   date: 'Wed, 16 May 2018 20:49:09 GMT',
23 verbose headers   via: '1.1 varnish',
23 verbose headers   age: '0',
23 verbose headers   connection: 'keep-alive',
23 verbose headers   'x-served-by': 'cache-jfk8131-JFK',
23 verbose headers   'x-cache': 'MISS',
23 verbose headers   'x-cache-hits': '0',
23 verbose headers   'x-timer': 'S1526503750.557965,VS0,VE362' }
24 silly get cb [ 404,
24 silly get   { 'content-type': 'application/json',
24 silly get     'cache-control': 'max-age=0',
24 silly get     'content-length': '21',
24 silly get     'accept-ranges': 'bytes',
24 silly get     date: 'Wed, 16 May 2018 20:49:09 GMT',
24 silly get     via: '1.1 varnish',
24 silly get     age: '0',
24 silly get     connection: 'keep-alive',
24 silly get     'x-served-by': 'cache-jfk8131-JFK',
24 silly get     'x-cache': 'MISS',
24 silly get     'x-cache-hits': '0',
24 silly get     'x-timer': 'S1526503750.557965,VS0,VE362' } ]
25 silly fetchPackageMetaData Error: Not found : @material/text-field
25 silly fetchPackageMetaData     at makeError (/Users/danielpeterschmidt/.npm-packages/lib/node_modules/npm/node_modules/npm-registry-client/lib/request.js:304:12)
25 silly fetchPackageMetaData     at CachingRegistryClient.<anonymous> (/Users/danielpeterschmidt/.npm-packages/lib/node_modules/npm/node_modules/npm-registry-client/lib/request.js:292:14)
25 silly fetchPackageMetaData     at Request._callback (/Users/danielpeterschmidt/.npm-packages/lib/node_modules/npm/node_modules/npm-registry-client/lib/request.js:212:14)
25 silly fetchPackageMetaData     at Request.self.callback (/Users/danielpeterschmidt/.npm-packages/lib/node_modules/npm/node_modules/request/request.js:186:22)
25 silly fetchPackageMetaData     at Request.emit (events.js:159:13)
25 silly fetchPackageMetaData     at Request.<anonymous> (/Users/danielpeterschmidt/.npm-packages/lib/node_modules/npm/node_modules/request/request.js:1081:10)
25 silly fetchPackageMetaData     at Request.emit (events.js:159:13)
25 silly fetchPackageMetaData     at IncomingMessage.<anonymous> (/Users/danielpeterschmidt/.npm-packages/lib/node_modules/npm/node_modules/request/request.js:1001:12)
25 silly fetchPackageMetaData     at Object.onceWrapper (events.js:254:19)
25 silly fetchPackageMetaData     at IncomingMessage.emit (events.js:164:20)
25 silly fetchPackageMetaData  error for @material/text-field { Error: Not found : @material/text-field
25 silly fetchPackageMetaData     at makeError (/Users/danielpeterschmidt/.npm-packages/lib/node_modules/npm/node_modules/npm-registry-client/lib/request.js:304:12)
25 silly fetchPackageMetaData     at CachingRegistryClient.<anonymous> (/Users/danielpeterschmidt/.npm-packages/lib/node_modules/npm/node_modules/npm-registry-client/lib/request.js:292:14)
25 silly fetchPackageMetaData     at Request._callback (/Users/danielpeterschmidt/.npm-packages/lib/node_modules/npm/node_modules/npm-registry-client/lib/request.js:212:14)
25 silly fetchPackageMetaData     at Request.self.callback (/Users/danielpeterschmidt/.npm-packages/lib/node_modules/npm/node_modules/request/request.js:186:22)
25 silly fetchPackageMetaData     at Request.emit (events.js:159:13)
25 silly fetchPackageMetaData     at Request.<anonymous> (/Users/danielpeterschmidt/.npm-packages/lib/node_modules/npm/node_modules/request/request.js:1081:10)
25 silly fetchPackageMetaData     at Request.emit (events.js:159:13)
25 silly fetchPackageMetaData     at IncomingMessage.<anonymous> (/Users/danielpeterschmidt/.npm-packages/lib/node_modules/npm/node_modules/request/request.js:1001:12)
25 silly fetchPackageMetaData     at Object.onceWrapper (events.js:254:19)
25 silly fetchPackageMetaData     at IncomingMessage.emit (events.js:164:20) pkgid: '@material/text-field', statusCode: 404, code: 'E404' }
26 silly rollbackFailedOptional Starting
27 silly rollbackFailedOptional Finishing
28 silly runTopLevelLifecycles Finishing
29 silly install printInstalled
30 verbose stack Error: Not found : @material/text-field
30 verbose stack     at makeError (/Users/danielpeterschmidt/.npm-packages/lib/node_modules/npm/node_modules/npm-registry-client/lib/request.js:304:12)
30 verbose stack     at CachingRegistryClient.<anonymous> (/Users/danielpeterschmidt/.npm-packages/lib/node_modules/npm/node_modules/npm-registry-client/lib/request.js:292:14)
30 verbose stack     at Request._callback (/Users/danielpeterschmidt/.npm-packages/lib/node_modules/npm/node_modules/npm-registry-client/lib/request.js:212:14)
30 verbose stack     at Request.self.callback (/Users/danielpeterschmidt/.npm-packages/lib/node_modules/npm/node_modules/request/request.js:186:22)
30 verbose stack     at Request.emit (events.js:159:13)
30 verbose stack     at Request.<anonymous> (/Users/danielpeterschmidt/.npm-packages/lib/node_modules/npm/node_modules/request/request.js:1081:10)
30 verbose stack     at Request.emit (events.js:159:13)
30 verbose stack     at IncomingMessage.<anonymous> (/Users/danielpeterschmidt/.npm-packages/lib/node_modules/npm/node_modules/request/request.js:1001:12)
30 verbose stack     at Object.onceWrapper (events.js:254:19)
30 verbose stack     at IncomingMessage.emit (events.js:164:20)
31 verbose statusCode 404
32 verbose pkgid @material/text-field
33 verbose cwd /Users/danielpeterschmidt/undiscovered.github.io/css
34 error Darwin 16.7.0
35 error argv "/usr/local/Cellar/node/9.3.0_1/bin/node" "/Users/danielpeterschmidt/.npm-packages/bin/npm" "install" "@material/text-field"
36 error node v9.3.0
37 error npm  v4.1.2
38 error code E404
39 error 404 Not found : @material/text-field
40 error 404
41 error 404 '@material/text-field' is not in the npm registry.
42 error 404 You should bug the author to publish it (or use the name yourself!)
43 error 404 Note that you can also install from a
44 error 404 tarball, folder, http url, or git url.
45 verbose exit [ 1, true ]
